<?xml version="1.0" encoding="UTF-8"?>
<testsuite xmlns:xsi="http://www.w3.org/2001/XMLSchema-instance" xsi:noNamespaceSchemaLocation="https://maven.apache.org/surefire/maven-surefire-plugin/xsd/surefire-test-report.xsd" version="3.0.2" name="com.ncu.college.apigateway.ApigatewayApplicationTests" time="10.11" tests="1" errors="0" skipped="0" failures="0">
  <properties>
[...]
</properties>
  <testcase name="contextLoads" classname="com.ncu.college.apigateway.ApigatewayApplicationTests" time="0.652">
    <system-out><![CDATA[17:50:32.602 [main] INFO org.springframework.test.context.support.AnnotationConfigContextLoaderUtils -- Could not detect default configuration classes for test class [com.ncu.college.apigateway.ApigatewayApplicationTests]: ApigatewayApplicationTests does not declare any static, non-private, non-final, nested classes annotated with @Configuration.
17:50:32.741 [main] INFO org.springframework.boot.test.context.SpringBootTestContextBootstrapper -- Found @SpringBootConfiguration com.ncu.college.apigateway.ApigatewayApplication for test class com.ncu.college.apigateway.ApigatewayApplicationTests

  .   ____          _            __ _ _
 /\\ / ___'_ __ _ _(_)_ __  __ _ \ \ \ \
( ( )\___ | '_ | '_| | '_ \/ _` | \ \ \ \
 \\/  ___)| |_)| | | | | || (_| |  ) ) ) )
  '  |____| .__|_| |_|_| |_\__, | / / / /
 =========|_|==============|___/=/_/_/_/

 :: Spring Boot ::                (v3.5.6)

2025-11-20T17:50:34.934+05:30  INFO 28912 --- [apigateway] [           main] c.n.c.a.ApigatewayApplicationTests       : Starting ApigatewayApplicationTests using Java 21.0.2 with PID 28912 (started by PRTYKSH in C:\Users\PRTYKSH\Documents\COLLEGE\College\MovieTicketBooking\ticketbookingApp\apigateway)
2025-11-20T17:50:34.938+05:30  INFO 28912 --- [apigateway] [           main] c.n.c.a.ApigatewayApplicationTests       : No active profile set, falling back to 1 default profile: "default"
2025-11-20T17:50:34.998+05:30  INFO 28912 --- [apigateway] [           main] o.s.c.c.c.ConfigServerConfigDataLoader   : Fetching config from server at : http://localhost:8888
2025-11-20T17:50:34.998+05:30  INFO 28912 --- [apigateway] [           main] o.s.c.c.c.ConfigServerConfigDataLoader   : Located environment: name=apigateway, profiles=[default], label=null, version=null, state=null
2025-11-20T17:50:36.541+05:30  INFO 28912 --- [apigateway] [           main] o.s.cloud.context.scope.GenericScope     : BeanFactory id=6f9d360a-c996-3774-a390-8c86a9afa141
2025-11-20T17:50:38.228+05:30  INFO 28912 --- [apigateway] [           main] o.s.cloud.commons.util.InetUtils         : Cannot determine local hostname
2025-11-20T17:50:38.735+05:30  INFO 28912 --- [apigateway] [           main] o.s.c.g.r.RouteDefinitionRouteLocator    : Loaded RoutePredicateFactory [After]
2025-11-20T17:50:38.735+05:30  INFO 28912 --- [apigateway] [           main] o.s.c.g.r.RouteDefinitionRouteLocator    : Loaded RoutePredicateFactory [Before]
2025-11-20T17:50:38.735+05:30  INFO 28912 --- [apigateway] [           main] o.s.c.g.r.RouteDefinitionRouteLocator    : Loaded RoutePredicateFactory [Between]
2025-11-20T17:50:38.735+05:30  INFO 28912 --- [apigateway] [           main] o.s.c.g.r.RouteDefinitionRouteLocator    : Loaded RoutePredicateFactory [Cookie]
2025-11-20T17:50:38.735+05:30  INFO 28912 --- [apigateway] [           main] o.s.c.g.r.RouteDefinitionRouteLocator    : Loaded RoutePredicateFactory [Header]
2025-11-20T17:50:38.735+05:30  INFO 28912 --- [apigateway] [           main] o.s.c.g.r.RouteDefinitionRouteLocator    : Loaded RoutePredicateFactory [Host]
2025-11-20T17:50:38.735+05:30  INFO 28912 --- [apigateway] [           main] o.s.c.g.r.RouteDefinitionRouteLocator    : Loaded RoutePredicateFactory [Method]
2025-11-20T17:50:38.735+05:30  INFO 28912 --- [apigateway] [           main] o.s.c.g.r.RouteDefinitionRouteLocator    : Loaded RoutePredicateFactory [Path]
2025-11-20T17:50:38.735+05:30  INFO 28912 --- [apigateway] [           main] o.s.c.g.r.RouteDefinitionRouteLocator    : Loaded RoutePredicateFactory [Query]
2025-11-20T17:50:38.736+05:30  INFO 28912 --- [apigateway] [           main] o.s.c.g.r.RouteDefinitionRouteLocator    : Loaded RoutePredicateFactory [ReadBody]
2025-11-20T17:50:38.736+05:30  INFO 28912 --- [apigateway] [           main] o.s.c.g.r.RouteDefinitionRouteLocator    : Loaded RoutePredicateFactory [RemoteAddr]
2025-11-20T17:50:38.736+05:30  INFO 28912 --- [apigateway] [           main] o.s.c.g.r.RouteDefinitionRouteLocator    : Loaded RoutePredicateFactory [XForwardedRemoteAddr]
2025-11-20T17:50:38.736+05:30  INFO 28912 --- [apigateway] [           main] o.s.c.g.r.RouteDefinitionRouteLocator    : Loaded RoutePredicateFactory [Weight]
2025-11-20T17:50:38.736+05:30  INFO 28912 --- [apigateway] [           main] o.s.c.g.r.RouteDefinitionRouteLocator    : Loaded RoutePredicateFactory [CloudFoundryRouteService]
2025-11-20T17:50:40.057+05:30  INFO 28912 --- [apigateway] [           main] o.s.cloud.commons.util.InetUtils         : Cannot determine local hostname
2025-11-20T17:50:40.114+05:30  INFO 28912 --- [apigateway] [           main] DiscoveryClientOptionalArgsConfiguration : Eureka HTTP Client uses RestTemplate.
2025-11-20T17:50:41.153+05:30  INFO 28912 --- [apigateway] [           main] o.s.cloud.commons.util.InetUtils         : Cannot determine local hostname
2025-11-20T17:50:41.195+05:30  WARN 28912 --- [apigateway] [           main] s.w.s.StarterDeprecatedAutoConfiguration : 

**********************************************************

spring-cloud-starter-gateway is deprecated. It will be removed in the next major release. Please use spring-cloud-starter-gateway-server-webflux instead.

**********************************************************


2025-11-20T17:50:41.205+05:30  WARN 28912 --- [apigateway] [           main] iguration$LoadBalancerCaffeineWarnLogger : Spring Cloud LoadBalancer is currently working with the default cache. While this cache implementation is useful for development and tests, it's recommended to use Caffeine cache in production.You can switch to using Caffeine cache, by adding it and org.springframework.cache.caffeine.CaffeineCacheManager to the classpath.
2025-11-20T17:50:41.300+05:30  INFO 28912 --- [apigateway] [           main] o.s.c.n.eureka.InstanceInfoFactory       : Setting initial instance status as: STARTING
2025-11-20T17:50:41.327+05:30  INFO 28912 --- [apigateway] [           main] com.netflix.discovery.DiscoveryClient    : Initializing Eureka in region us-east-1
2025-11-20T17:50:41.335+05:30  INFO 28912 --- [apigateway] [           main] c.n.d.s.r.aws.ConfigClusterResolver      : Resolving eureka endpoints via configuration
2025-11-20T17:50:41.344+05:30  INFO 28912 --- [apigateway] [           main] com.netflix.discovery.DiscoveryClient    : Disable delta property : false
2025-11-20T17:50:41.344+05:30  INFO 28912 --- [apigateway] [           main] com.netflix.discovery.DiscoveryClient    : Single vip registry refresh property : null
2025-11-20T17:50:41.345+05:30  INFO 28912 --- [apigateway] [           main] com.netflix.discovery.DiscoveryClient    : Force full registry fetch : false
2025-11-20T17:50:41.345+05:30  INFO 28912 --- [apigateway] [           main] com.netflix.discovery.DiscoveryClient    : Application is null : false
2025-11-20T17:50:41.346+05:30  INFO 28912 --- [apigateway] [           main] com.netflix.discovery.DiscoveryClient    : Registered Applications size is zero : true
2025-11-20T17:50:41.346+05:30  INFO 28912 --- [apigateway] [           main] com.netflix.discovery.DiscoveryClient    : Application version is -1: true
2025-11-20T17:50:41.346+05:30  INFO 28912 --- [apigateway] [           main] com.netflix.discovery.DiscoveryClient    : Getting all instance registry info from the eureka server
2025-11-20T17:50:41.822+05:30  INFO 28912 --- [apigateway] [           main] com.netflix.discovery.DiscoveryClient    : The response status is 200
2025-11-20T17:50:41.823+05:30  INFO 28912 --- [apigateway] [           main] com.netflix.discovery.DiscoveryClient    : Starting heartbeat executor: renew interval is: 30
2025-11-20T17:50:41.824+05:30  INFO 28912 --- [apigateway] [           main] c.n.discovery.InstanceInfoReplicator     : InstanceInfoReplicator onDemand update allowed rate per min is 4
2025-11-20T17:50:41.826+05:30  INFO 28912 --- [apigateway] [           main] com.netflix.discovery.DiscoveryClient    : Discovery Client initialized at timestamp 1763641241825 with initial instances count: 0
2025-11-20T17:50:41.829+05:30  INFO 28912 --- [apigateway] [           main] o.s.c.n.e.s.EurekaServiceRegistry        : Registering application APIGATEWAY with eureka with status UP
2025-11-20T17:50:41.830+05:30  INFO 28912 --- [apigateway] [           main] com.netflix.discovery.DiscoveryClient    : Saw local status change event StatusChangeEvent [timestamp=1763641241830, current=UP, previous=STARTING]
2025-11-20T17:50:41.833+05:30  INFO 28912 --- [apigateway] [foReplicator-%d] com.netflix.discovery.DiscoveryClient    : DiscoveryClient_APIGATEWAY/localhost:apigateway:9004: registering service...
2025-11-20T17:50:41.874+05:30  INFO 28912 --- [apigateway] [           main] c.n.c.a.ApigatewayApplicationTests       : Started ApigatewayApplicationTests in 8.792 seconds (process running for 10.045)
2025-11-20T17:50:41.964+05:30  INFO 28912 --- [apigateway] [foReplicator-%d] com.netflix.discovery.DiscoveryClient    : DiscoveryClient_APIGATEWAY/localhost:apigateway:9004 - registration status: 204
]]></system-out>
    <system-err><![CDATA[Mockito is currently self-attaching to enable the inline-mock-maker. This will no longer work in future releases of the JDK. Please add Mockito as an agent to your build as described in Mockito's documentation: https://javadoc.io/doc/org.mockito/mockito-core/latest/org.mockito/org/mockito/Mockito.html#0.3
WARNING: A Java agent has been loaded dynamically (C:\Users\PRTYKSH\.m2\repository\net\bytebuddy\byte-buddy-agent\1.17.7\byte-buddy-agent-1.17.7.jar)
WARNING: If a serviceability tool is in use, please run with -XX:+EnableDynamicAgentLoading to hide this warning
WARNING: If a serviceability tool is not in use, please run with -Djdk.instrument.traceUsage for more information
WARNING: Dynamic loading of agents will be disallowed by default in a future release
]]></system-err>
  </testcase>
</testsuite>