<?xml version="1.0" encoding="UTF-8"?>
<testsuite xmlns:xsi="http://www.w3.org/2001/XMLSchema-instance" xsi:noNamespaceSchemaLocation="https://maven.apache.org/surefire/maven-surefire-plugin/xsd/surefire-test-report.xsd" version="3.0.2" name="com.ncu.college.configurationserver.ConfigurationserverApplicationTests" time="6.471" tests="1" errors="0" skipped="0" failures="0">
  <properties>
[...]
</properties>
  <testcase name="contextLoads" classname="com.ncu.college.configurationserver.ConfigurationserverApplicationTests" time="0.764">
    <system-out><![CDATA[17:26:28.017 [main] INFO org.springframework.test.context.support.AnnotationConfigContextLoaderUtils -- Could not detect default configuration classes for test class [com.ncu.college.configurationserver.ConfigurationserverApplicationTests]: ConfigurationserverApplicationTests does not declare any static, non-private, non-final, nested classes annotated with @Configuration.
17:26:28.150 [main] INFO org.springframework.boot.test.context.SpringBootTestContextBootstrapper -- Found @SpringBootConfiguration com.ncu.college.configurationserver.ConfigurationserverApplication for test class com.ncu.college.configurationserver.ConfigurationserverApplicationTests

  .   ____          _            __ _ _
 /\\ / ___'_ __ _ _(_)_ __  __ _ \ \ \ \
( ( )\___ | '_ | '_| | '_ \/ _` | \ \ \ \
 \\/  ___)| |_)| | | | | || (_| |  ) ) ) )
  '  |____| .__|_| |_|_| |_\__, | / / / /
 =========|_|==============|___/=/_/_/_/

 :: Spring Boot ::                (v3.5.7)

2025-11-20T17:26:29.929+05:30  INFO 25704 --- [configurationserver] [           main] .c.c.ConfigurationserverApplicationTests : Starting ConfigurationserverApplicationTests using Java 21.0.2 with PID 25704 (started by PRTYKSH in C:\Users\PRTYKSH\Documents\COLLEGE\College\MovieTicketBooking\ticketbookingApp\configurationserver)
2025-11-20T17:26:29.931+05:30  INFO 25704 --- [configurationserver] [           main] .c.c.ConfigurationserverApplicationTests : The following 1 profile is active: "native"
2025-11-20T17:26:31.201+05:30  INFO 25704 --- [configurationserver] [           main] o.s.cloud.context.scope.GenericScope     : BeanFactory id=a2dd8843-1f81-3994-acca-ac1adda94412
2025-11-20T17:26:33.263+05:30  INFO 25704 --- [configurationserver] [           main] o.s.cloud.commons.util.InetUtils         : Cannot determine local hostname
2025-11-20T17:26:33.496+05:30  INFO 25704 --- [configurationserver] [           main] .c.c.ConfigurationserverApplicationTests : Started ConfigurationserverApplicationTests in 4.967 seconds (process running for 6.308)
]]></system-out>
    <system-err><![CDATA[Mockito is currently self-attaching to enable the inline-mock-maker. This will no longer work in future releases of the JDK. Please add Mockito as an agent to your build as described in Mockito's documentation: https://javadoc.io/doc/org.mockito/mockito-core/latest/org.mockito/org/mockito/Mockito.html#0.3
WARNING: A Java agent has been loaded dynamically (C:\Users\PRTYKSH\.m2\repository\net\bytebuddy\byte-buddy-agent\1.17.8\byte-buddy-agent-1.17.8.jar)
WARNING: If a serviceability tool is in use, please run with -XX:+EnableDynamicAgentLoading to hide this warning
WARNING: If a serviceability tool is not in use, please run with -Djdk.instrument.traceUsage for more information
WARNING: Dynamic loading of agents will be disallowed by default in a future release
]]></system-err>
  </testcase>
</testsuite>